This file contains any messages produced by compilers while
running configure, to aid debugging if configure makes a mistake.

It was created by libxdio configure 0.3.2, which was
generated by GNU Autoconf 2.63.  Invocation command line was

  $ ./configure 

## --------- ##
## Platform. ##
## --------- ##

hostname = Matthews-MacBook-Pro.local
uname -m = x86_64
uname -r = 13.3.0
uname -s = Darwin
uname -v = Darwin Kernel Version 13.3.0: Tue Jun  3 21:27:35 PDT 2014; root:xnu-2422.110.17~1/RELEASE_X86_64

/usr/bin/uname -p = i386
/bin/uname -X     = unknown

/bin/arch              = unknown
/usr/bin/arch -k       = unknown
/usr/convex/getsysinfo = unknown
/usr/bin/hostinfo      = Mach kernel version:
	 Darwin Kernel Version 13.3.0: Tue Jun  3 21:27:35 PDT 2014; root:xnu-2422.110.17~1/RELEASE_X86_64
Kernel configured for up to 8 processors.
4 processors are physically available.
8 processors are logically available.
Processor type: i486 (Intel 80486)
Processors active: 0 1 2 3 4 5 6 7
Primary memory available: 8.00 gigabytes
Default processor set: 200 tasks, 1006 threads, 8 processors
Load average: 0.59, Mach factor: 7.40
/bin/machine           = unknown
/usr/bin/oslevel       = unknown
/bin/universe          = unknown

PATH: /Users/Matt/root/bin
PATH: /opt/local/bin
PATH: /opt/local/sbin
PATH: /opt/local/bin
PATH: /opt/local/sbin
PATH: /usr/bin
PATH: /bin
PATH: /usr/sbin
PATH: /sbin
PATH: /usr/local/bin
PATH: /opt/X11/bin
PATH: /usr/local/git/bin
PATH: /Users/Matt/Geant4/geant4.9.6.p02-install/bin
PATH: /Users/Matt/root/bin


## ----------- ##
## Core tests. ##
## ----------- ##

configure:2066: checking for a BSD-compatible install
configure:2134: result: /usr/bin/install -c
configure:2145: checking whether build environment is sane
configure:2188: result: yes
configure:2213: checking for a thread-safe mkdir -p
configure:2252: result: ./install-sh -c -d
configure:2265: checking for gawk
configure:2281: found /opt/local/bin/gawk
configure:2292: result: gawk
configure:2303: checking whether make sets $(MAKE)
configure:2325: result: yes
configure:2559: checking for gcc
configure:2575: found /usr/bin/gcc
configure:2586: result: gcc
configure:2818: checking for C compiler version
configure:2826: gcc --version >&5
Configured with: --prefix=/Applications/Xcode.app/Contents/Developer/usr --with-gxx-include-dir=/usr/include/c++/4.2.1
Apple LLVM version 5.1 (clang-503.0.40) (based on LLVM 3.4svn)
Target: x86_64-apple-darwin13.3.0
Thread model: posix
configure:2830: $? = 0
configure:2837: gcc -v >&5
Configured with: --prefix=/Applications/Xcode.app/Contents/Developer/usr --with-gxx-include-dir=/usr/include/c++/4.2.1
Apple LLVM version 5.1 (clang-503.0.40) (based on LLVM 3.4svn)
Target: x86_64-apple-darwin13.3.0
Thread model: posix
configure:2841: $? = 0
configure:2848: gcc -V >&5
clang: error: argument to '-V' is missing (expected 1 value)
clang: error: no input files
configure:2852: $? = 1
configure:2875: checking for C compiler default output file name
configure:2897: gcc    conftest.c  >&5
configure:2901: $? = 0
configure:2939: result: a.out
configure:2958: checking whether the C compiler works
configure:2968: ./a.out
configure:2972: $? = 0
configure:2991: result: yes
configure:2998: checking whether we are cross compiling
configure:3000: result: no
configure:3003: checking for suffix of executables
configure:3010: gcc -o conftest    conftest.c  >&5
configure:3014: $? = 0
configure:3040: result: 
configure:3046: checking for suffix of object files
configure:3072: gcc -c   conftest.c >&5
configure:3076: $? = 0
configure:3101: result: o
configure:3105: checking whether we are using the GNU C compiler
configure:3134: gcc -c   conftest.c >&5
configure:3141: $? = 0
configure:3158: result: yes
configure:3167: checking whether gcc accepts -g
configure:3197: gcc -c -g  conftest.c >&5
configure:3204: $? = 0
configure:3305: result: yes
configure:3322: checking for gcc option to accept ISO C89
configure:3396: gcc  -c -g -O2  conftest.c >&5
configure:3403: $? = 0
configure:3426: result: none needed
configure:3455: checking for style of include used by make
configure:3483: result: GNU
configure:3508: checking dependency style of gcc
configure:3599: result: gcc3
configure:3645: checking build system type
configure:3663: result: i386-apple-darwin13.3.0
configure:3685: checking host system type
configure:3700: result: i386-apple-darwin13.3.0
configure:3722: checking for a sed that does not truncate output
configure:3788: result: /usr/bin/sed
configure:3806: checking for grep that handles long lines and -e
configure:3866: result: /usr/bin/grep
configure:3871: checking for egrep
configure:3935: result: /usr/bin/grep -E
configure:3940: checking for fgrep
configure:4004: result: /usr/bin/grep -F
configure:4039: checking for ld used by gcc
configure:4106: result: /Applications/Xcode.app/Contents/Developer/Toolchains/XcodeDefault.xctoolchain/usr/bin/ld
configure:4115: checking if the linker (/Applications/Xcode.app/Contents/Developer/Toolchains/XcodeDefault.xctoolchain/usr/bin/ld) is GNU ld
configure:4130: result: no
configure:4142: checking for BSD- or MS-compatible name lister (nm)
configure:4191: result: /opt/local/bin/nm
configure:4309: checking the name lister (/opt/local/bin/nm) interface
configure:4316: gcc -c -g -O2  conftest.c >&5
configure:4319: /opt/local/bin/nm "conftest.o"
configure:4322: output
0000000000000230 S _some_variable
configure:4329: result: BSD nm
configure:4332: checking whether ln -s works
configure:4336: result: yes
configure:4344: checking the maximum length of command line arguments
configure:4464: result: 196608
configure:4481: checking whether the shell understands some XSI constructs
configure:4491: result: yes
configure:4495: checking whether the shell understands "+="
configure:4501: result: yes
configure:4536: checking for /Applications/Xcode.app/Contents/Developer/Toolchains/XcodeDefault.xctoolchain/usr/bin/ld option to reload object files
configure:4543: result: -r
configure:4612: checking for objdump
configure:4642: result: no
configure:4671: checking how to recognize dependent libraries
configure:4867: result: pass_all
configure:4927: checking for ar
configure:4943: found /opt/local/bin/ar
configure:4954: result: ar
configure:5032: checking for strip
configure:5048: found /opt/local/bin/strip
configure:5059: result: strip
configure:5131: checking for ranlib
configure:5147: found /opt/local/bin/ranlib
configure:5158: result: ranlib
configure:5248: checking command to parse /opt/local/bin/nm output from gcc object
configure:5366: gcc -c -g -O2  conftest.c >&5
configure:5369: $? = 0
configure:5373: /opt/local/bin/nm conftest.o \| sed -n -e 's/^.*[	 ]\([BCDEGRST][BCDEGRST]*\)[	 ][	 ]*\([_A-Za-z][_A-Za-z0-9]*\)$/\1 \2 \2/p' \> conftest.nm
configure:5376: $? = 0
cannot find nm_test_var in conftest.nm
configure:5366: gcc -c -g -O2  conftest.c >&5
configure:5369: $? = 0
configure:5373: /opt/local/bin/nm conftest.o \| sed -n -e 's/^.*[	 ]\([BCDEGRST][BCDEGRST]*\)[	 ][	 ]*_\([_A-Za-z][_A-Za-z0-9]*\)$/\1 _\2 \2/p' \> conftest.nm
configure:5376: $? = 0
configure:5430: gcc -o conftest -g -O2   conftest.c conftstm.o >&5
configure:5433: $? = 0
configure:5471: result: ok
configure:5765: checking for dsymutil
configure:5781: found /usr/bin/dsymutil
configure:5792: result: dsymutil
configure:5857: checking for nmedit
configure:5873: found /opt/local/bin/nmedit
configure:5884: result: nmedit
configure:5949: checking for lipo
configure:5965: found /opt/local/bin/lipo
configure:5976: result: lipo
configure:6041: checking for otool
configure:6057: found /opt/local/bin/otool
configure:6068: result: otool
configure:6133: checking for otool64
configure:6163: result: no
configure:6208: checking for -single_module linker flag
gcc -g -O2  -o libconftest.dylib -dynamiclib -Wl,-single_module conftest.c
configure:6235: result: yes
configure:6237: checking for -exported_symbols_list linker flag
configure:6267: gcc -o conftest -g -O2   -Wl,-exported_symbols_list,conftest.sym conftest.c  >&5
configure:6274: $? = 0
configure:6296: result: yes
configure:6338: checking how to run the C preprocessor
configure:6378: gcc -E  conftest.c
configure:6385: $? = 0
configure:6416: gcc -E  conftest.c
conftest.c:10:10: fatal error: 'ac_nonexistent.h' file not found
#include <ac_nonexistent.h>
         ^
1 error generated.
configure:6423: $? = 1
configure: failed program was:
| /* confdefs.h.  */
| #define PACKAGE_NAME "libxdio"
| #define PACKAGE_TARNAME "libxdio"
| #define PACKAGE_VERSION "0.3.2"
| #define PACKAGE_STRING "libxdio 0.3.2"
| #define PACKAGE_BUGREPORT "guillaume.plante@astro.columbia.edu"
| #define PACKAGE "libxdio"
| #define VERSION "0.3.2"
| /* end confdefs.h.  */
| #include <ac_nonexistent.h>
configure:6456: result: gcc -E
configure:6485: gcc -E  conftest.c
configure:6492: $? = 0
configure:6523: gcc -E  conftest.c
conftest.c:10:10: fatal error: 'ac_nonexistent.h' file not found
#include <ac_nonexistent.h>
         ^
1 error generated.
configure:6530: $? = 1
configure: failed program was:
| /* confdefs.h.  */
| #define PACKAGE_NAME "libxdio"
| #define PACKAGE_TARNAME "libxdio"
| #define PACKAGE_VERSION "0.3.2"
| #define PACKAGE_STRING "libxdio 0.3.2"
| #define PACKAGE_BUGREPORT "guillaume.plante@astro.columbia.edu"
| #define PACKAGE "libxdio"
| #define VERSION "0.3.2"
| /* end confdefs.h.  */
| #include <ac_nonexistent.h>
configure:6570: checking for ANSI C header files
configure:6600: gcc -c -g -O2  conftest.c >&5
configure:6607: $? = 0
configure:6706: gcc -o conftest -g -O2   conftest.c  >&5
configure:6710: $? = 0
configure:6716: ./conftest
configure:6720: $? = 0
configure:6738: result: yes
configure:6762: checking for sys/types.h
configure:6783: gcc -c -g -O2  conftest.c >&5
configure:6790: $? = 0
configure:6807: result: yes
configure:6762: checking for sys/stat.h
configure:6783: gcc -c -g -O2  conftest.c >&5
configure:6790: $? = 0
configure:6807: result: yes
configure:6762: checking for stdlib.h
configure:6783: gcc -c -g -O2  conftest.c >&5
configure:6790: $? = 0
configure:6807: result: yes
configure:6762: checking for string.h
configure:6783: gcc -c -g -O2  conftest.c >&5
configure:6790: $? = 0
configure:6807: result: yes
configure:6762: checking for memory.h
configure:6783: gcc -c -g -O2  conftest.c >&5
configure:6790: $? = 0
configure:6807: result: yes
configure:6762: checking for strings.h
configure:6783: gcc -c -g -O2  conftest.c >&5
configure:6790: $? = 0
configure:6807: result: yes
configure:6762: checking for inttypes.h
configure:6783: gcc -c -g -O2  conftest.c >&5
configure:6790: $? = 0
configure:6807: result: yes
configure:6762: checking for stdint.h
configure:6783: gcc -c -g -O2  conftest.c >&5
configure:6790: $? = 0
configure:6807: result: yes
configure:6762: checking for unistd.h
configure:6783: gcc -c -g -O2  conftest.c >&5
configure:6790: $? = 0
configure:6807: result: yes
configure:6825: checking for dlfcn.h
configure:6846: gcc -c -g -O2  conftest.c >&5
configure:6853: $? = 0
configure:6870: result: yes
configure:7056: checking for objdir
configure:7071: result: .libs
configure:7363: checking if gcc supports -fno-rtti -fno-exceptions
configure:7381: gcc -c -g -O2  -fno-rtti -fno-exceptions conftest.c >&5
configure:7385: $? = 0
configure:7398: result: yes
configure:7418: checking for gcc option to produce PIC
configure:7690: result: -fno-common -DPIC
configure:7702: checking if gcc PIC flag -fno-common -DPIC works
configure:7720: gcc -c -g -O2  -fno-common -DPIC -DPIC conftest.c >&5
configure:7724: $? = 0
configure:7737: result: yes
configure:7761: checking if gcc static flag -static works
configure:7789: result: no
configure:7804: checking if gcc supports -c -o file.o
configure:7825: gcc -c -g -O2  -o out/conftest2.o conftest.c >&5
configure:7829: $? = 0
configure:7851: result: yes
configure:7859: checking if gcc supports -c -o file.o
configure:7906: result: yes
configure:7939: checking whether the gcc linker (/Applications/Xcode.app/Contents/Developer/Toolchains/XcodeDefault.xctoolchain/usr/bin/ld) supports shared libraries
configure:9013: result: yes
configure:9252: checking dynamic linker characteristics
configure:9948: result: darwin13.3.0 dyld
configure:10050: checking how to hardcode library paths into programs
configure:10075: result: immediate
configure:10908: checking whether stripping libraries is possible
configure:10922: result: yes
configure:10948: checking if libtool supports shared libraries
configure:10950: result: yes
configure:10953: checking whether to build shared libraries
configure:10974: result: yes
configure:10977: checking whether to build static libraries
configure:10981: result: yes
configure:11016: checking for a sed that does not truncate output
configure:11082: result: /usr/bin/sed
configure:11101: checking for a BSD-compatible install
configure:11169: result: /usr/bin/install -c
configure:11183: checking for deflateInit_ in -lz
configure:11218: gcc -o conftest -g -O2   conftest.c -lz   >&5
configure:11225: $? = 0
configure:11246: result: yes
configure:11258: checking for BZ2_bzCompressInit in -lbz2
configure:11293: gcc -o conftest -g -O2   conftest.c -lbz2  -lz  >&5
configure:11300: $? = 0
configure:11321: result: yes
configure:11334: checking for ANSI C header files
configure:11502: result: yes
configure:11528: checking time.h usability
configure:11545: gcc -c -g -O2  conftest.c >&5
configure:11552: $? = 0
configure:11566: result: yes
configure:11570: checking time.h presence
configure:11585: gcc -E  conftest.c
configure:11592: $? = 0
configure:11606: result: yes
configure:11639: checking for time.h
configure:11648: result: yes
configure:11679: checking sys/time.h usability
configure:11696: gcc -c -g -O2  conftest.c >&5
configure:11703: $? = 0
configure:11717: result: yes
configure:11721: checking sys/time.h presence
configure:11736: gcc -E  conftest.c
configure:11743: $? = 0
configure:11757: result: yes
configure:11790: checking for sys/time.h
configure:11799: result: yes
configure:11817: checking for int8_t
configure:11848: gcc -c -g -O2  conftest.c >&5
configure:11855: $? = 0
configure:11884: gcc -c -g -O2  conftest.c >&5
conftest.c:63:24: error: 'test_array' declared as an array with a negative size
static int test_array [1 - 2 * !((int8_t) ((((int8_t) 1 << (8 - 2)) - 1) * 2 + 1)
                       ^~~~~~~~~~~~~~~~~~~~~~~~~~~~~~~~~~~~~~~~~~~~~~~~~~~~~~~~~~
1 error generated.
configure:11891: $? = 1
configure: failed program was:
| /* confdefs.h.  */
| #define PACKAGE_NAME "libxdio"
| #define PACKAGE_TARNAME "libxdio"
| #define PACKAGE_VERSION "0.3.2"
| #define PACKAGE_STRING "libxdio 0.3.2"
| #define PACKAGE_BUGREPORT "guillaume.plante@astro.columbia.edu"
| #define PACKAGE "libxdio"
| #define VERSION "0.3.2"
| #define STDC_HEADERS 1
| #define HAVE_SYS_TYPES_H 1
| #define HAVE_SYS_STAT_H 1
| #define HAVE_STDLIB_H 1
| #define HAVE_STRING_H 1
| #define HAVE_MEMORY_H 1
| #define HAVE_STRINGS_H 1
| #define HAVE_INTTYPES_H 1
| #define HAVE_STDINT_H 1
| #define HAVE_UNISTD_H 1
| #define HAVE_DLFCN_H 1
| #define LT_OBJDIR ".libs/"
| #define HAVE_LIBZ 1
| #define HAVE_LIBBZ2 1
| #define STDC_HEADERS 1
| #define HAVE_TIME_H 1
| #define HAVE_SYS_TIME_H 1
| /* end confdefs.h.  */
| #include <stdio.h>
| #ifdef HAVE_SYS_TYPES_H
| # include <sys/types.h>
| #endif
| #ifdef HAVE_SYS_STAT_H
| # include <sys/stat.h>
| #endif
| #ifdef STDC_HEADERS
| # include <stdlib.h>
| # include <stddef.h>
| #else
| # ifdef HAVE_STDLIB_H
| #  include <stdlib.h>
| # endif
| #endif
| #ifdef HAVE_STRING_H
| # if !defined STDC_HEADERS && defined HAVE_MEMORY_H
| #  include <memory.h>
| # endif
| # include <string.h>
| #endif
| #ifdef HAVE_STRINGS_H
| # include <strings.h>
| #endif
| #ifdef HAVE_INTTYPES_H
| # include <inttypes.h>
| #endif
| #ifdef HAVE_STDINT_H
| # include <stdint.h>
| #endif
| #ifdef HAVE_UNISTD_H
| # include <unistd.h>
| #endif
| int
| main ()
| {
| static int test_array [1 - 2 * !((int8_t) ((((int8_t) 1 << (8 - 2)) - 1) * 2 + 1)
| 		 < (int8_t) ((((int8_t) 1 << (8 - 2)) - 1) * 2 + 2))];
| test_array [0] = 0
| 
|   ;
|   return 0;
| }
configure:11920: result: yes
configure:11933: checking for int16_t
configure:11964: gcc -c -g -O2  conftest.c >&5
configure:11971: $? = 0
configure:12000: gcc -c -g -O2  conftest.c >&5
conftest.c:63:24: error: 'test_array' declared as an array with a negative size
static int test_array [1 - 2 * !((int16_t) ((((int16_t) 1 << (16 - 2)) - 1) * 2 + 1)
                       ^~~~~~~~~~~~~~~~~~~~~~~~~~~~~~~~~~~~~~~~~~~~~~~~~~~~~~~~~~~~~
1 error generated.
configure:12007: $? = 1
configure: failed program was:
| /* confdefs.h.  */
| #define PACKAGE_NAME "libxdio"
| #define PACKAGE_TARNAME "libxdio"
| #define PACKAGE_VERSION "0.3.2"
| #define PACKAGE_STRING "libxdio 0.3.2"
| #define PACKAGE_BUGREPORT "guillaume.plante@astro.columbia.edu"
| #define PACKAGE "libxdio"
| #define VERSION "0.3.2"
| #define STDC_HEADERS 1
| #define HAVE_SYS_TYPES_H 1
| #define HAVE_SYS_STAT_H 1
| #define HAVE_STDLIB_H 1
| #define HAVE_STRING_H 1
| #define HAVE_MEMORY_H 1
| #define HAVE_STRINGS_H 1
| #define HAVE_INTTYPES_H 1
| #define HAVE_STDINT_H 1
| #define HAVE_UNISTD_H 1
| #define HAVE_DLFCN_H 1
| #define LT_OBJDIR ".libs/"
| #define HAVE_LIBZ 1
| #define HAVE_LIBBZ2 1
| #define STDC_HEADERS 1
| #define HAVE_TIME_H 1
| #define HAVE_SYS_TIME_H 1
| /* end confdefs.h.  */
| #include <stdio.h>
| #ifdef HAVE_SYS_TYPES_H
| # include <sys/types.h>
| #endif
| #ifdef HAVE_SYS_STAT_H
| # include <sys/stat.h>
| #endif
| #ifdef STDC_HEADERS
| # include <stdlib.h>
| # include <stddef.h>
| #else
| # ifdef HAVE_STDLIB_H
| #  include <stdlib.h>
| # endif
| #endif
| #ifdef HAVE_STRING_H
| # if !defined STDC_HEADERS && defined HAVE_MEMORY_H
| #  include <memory.h>
| # endif
| # include <string.h>
| #endif
| #ifdef HAVE_STRINGS_H
| # include <strings.h>
| #endif
| #ifdef HAVE_INTTYPES_H
| # include <inttypes.h>
| #endif
| #ifdef HAVE_STDINT_H
| # include <stdint.h>
| #endif
| #ifdef HAVE_UNISTD_H
| # include <unistd.h>
| #endif
| int
| main ()
| {
| static int test_array [1 - 2 * !((int16_t) ((((int16_t) 1 << (16 - 2)) - 1) * 2 + 1)
| 		 < (int16_t) ((((int16_t) 1 << (16 - 2)) - 1) * 2 + 2))];
| test_array [0] = 0
| 
|   ;
|   return 0;
| }
configure:12036: result: yes
configure:12049: checking for int32_t
configure:12080: gcc -c -g -O2  conftest.c >&5
configure:12087: $? = 0
configure:12116: gcc -c -g -O2  conftest.c >&5
conftest.c:63:24: error: 'test_array' declared as an array with a negative size
static int test_array [1 - 2 * !((int32_t) ((((int32_t) 1 << (32 - 2)) - 1) * 2 + 1)
                       ^~~~~~~~~~~~~~~~~~~~~~~~~~~~~~~~~~~~~~~~~~~~~~~~~~~~~~~~~~~~~
1 error generated.
configure:12123: $? = 1
configure: failed program was:
| /* confdefs.h.  */
| #define PACKAGE_NAME "libxdio"
| #define PACKAGE_TARNAME "libxdio"
| #define PACKAGE_VERSION "0.3.2"
| #define PACKAGE_STRING "libxdio 0.3.2"
| #define PACKAGE_BUGREPORT "guillaume.plante@astro.columbia.edu"
| #define PACKAGE "libxdio"
| #define VERSION "0.3.2"
| #define STDC_HEADERS 1
| #define HAVE_SYS_TYPES_H 1
| #define HAVE_SYS_STAT_H 1
| #define HAVE_STDLIB_H 1
| #define HAVE_STRING_H 1
| #define HAVE_MEMORY_H 1
| #define HAVE_STRINGS_H 1
| #define HAVE_INTTYPES_H 1
| #define HAVE_STDINT_H 1
| #define HAVE_UNISTD_H 1
| #define HAVE_DLFCN_H 1
| #define LT_OBJDIR ".libs/"
| #define HAVE_LIBZ 1
| #define HAVE_LIBBZ2 1
| #define STDC_HEADERS 1
| #define HAVE_TIME_H 1
| #define HAVE_SYS_TIME_H 1
| /* end confdefs.h.  */
| #include <stdio.h>
| #ifdef HAVE_SYS_TYPES_H
| # include <sys/types.h>
| #endif
| #ifdef HAVE_SYS_STAT_H
| # include <sys/stat.h>
| #endif
| #ifdef STDC_HEADERS
| # include <stdlib.h>
| # include <stddef.h>
| #else
| # ifdef HAVE_STDLIB_H
| #  include <stdlib.h>
| # endif
| #endif
| #ifdef HAVE_STRING_H
| # if !defined STDC_HEADERS && defined HAVE_MEMORY_H
| #  include <memory.h>
| # endif
| # include <string.h>
| #endif
| #ifdef HAVE_STRINGS_H
| # include <strings.h>
| #endif
| #ifdef HAVE_INTTYPES_H
| # include <inttypes.h>
| #endif
| #ifdef HAVE_STDINT_H
| # include <stdint.h>
| #endif
| #ifdef HAVE_UNISTD_H
| # include <unistd.h>
| #endif
| int
| main ()
| {
| static int test_array [1 - 2 * !((int32_t) ((((int32_t) 1 << (32 - 2)) - 1) * 2 + 1)
| 		 < (int32_t) ((((int32_t) 1 << (32 - 2)) - 1) * 2 + 2))];
| test_array [0] = 0
| 
|   ;
|   return 0;
| }
configure:12152: result: yes
configure:12165: checking for uint8_t
configure:12196: gcc -c -g -O2  conftest.c >&5
configure:12203: $? = 0
configure:12224: result: yes
configure:12242: checking for uint16_t
configure:12273: gcc -c -g -O2  conftest.c >&5
configure:12280: $? = 0
configure:12301: result: yes
configure:12315: checking for uint32_t
configure:12346: gcc -c -g -O2  conftest.c >&5
configure:12353: $? = 0
configure:12374: result: yes
configure:12394: checking whether byte ordering is bigendian
configure:12419: gcc -c -g -O2  conftest.c >&5
configure:12426: $? = 0
configure:12476: gcc -c -g -O2  conftest.c >&5
configure:12483: $? = 0
configure:12515: gcc -c -g -O2  conftest.c >&5
conftest.c:34:4: error: use of undeclared identifier 'not'
                 not big endian
                 ^
1 error generated.
configure:12522: $? = 1
configure: failed program was:
| /* confdefs.h.  */
| #define PACKAGE_NAME "libxdio"
| #define PACKAGE_TARNAME "libxdio"
| #define PACKAGE_VERSION "0.3.2"
| #define PACKAGE_STRING "libxdio 0.3.2"
| #define PACKAGE_BUGREPORT "guillaume.plante@astro.columbia.edu"
| #define PACKAGE "libxdio"
| #define VERSION "0.3.2"
| #define STDC_HEADERS 1
| #define HAVE_SYS_TYPES_H 1
| #define HAVE_SYS_STAT_H 1
| #define HAVE_STDLIB_H 1
| #define HAVE_STRING_H 1
| #define HAVE_MEMORY_H 1
| #define HAVE_STRINGS_H 1
| #define HAVE_INTTYPES_H 1
| #define HAVE_STDINT_H 1
| #define HAVE_UNISTD_H 1
| #define HAVE_DLFCN_H 1
| #define LT_OBJDIR ".libs/"
| #define HAVE_LIBZ 1
| #define HAVE_LIBBZ2 1
| #define STDC_HEADERS 1
| #define HAVE_TIME_H 1
| #define HAVE_SYS_TIME_H 1
| /* end confdefs.h.  */
| #include <sys/types.h>
| 		#include <sys/param.h>
| 
| int
| main ()
| {
| #if BYTE_ORDER != BIG_ENDIAN
| 		 not big endian
| 		#endif
| 
|   ;
|   return 0;
| }
configure:12774: result: no
configure:12803: checking size of long
configure:13108: gcc -o conftest -g -O2   conftest.c -lbz2 -lz  >&5
configure:13112: $? = 0
configure:13118: ./conftest
configure:13122: $? = 0
configure:13148: result: 8
configure:13163: checking for simple visibility declarations
configure:13195: gcc -c -g -O2 -fvisibility=hidden  conftest.c >&5
configure:13202: $? = 0
configure:13219: result: yes
configure:13358: creating ./config.status

## ---------------------- ##
## Running config.status. ##
## ---------------------- ##

This file was extended by libxdio config.status 0.3.2, which was
generated by GNU Autoconf 2.63.  Invocation command line was

  CONFIG_FILES    = 
  CONFIG_HEADERS  = 
  CONFIG_LINKS    = 
  CONFIG_COMMANDS = 
  $ ./config.status 

on Matthews-MacBook-Pro.local

config.status:989: creating Makefile
config.status:989: creating src/Makefile
config.status:989: creating config.h
config.status:989: creating src/libxdio.h
config.status:1211: src/libxdio.h is unchanged
config.status:1263: executing depfiles commands
config.status:1263: executing libtool commands

## ---------------- ##
## Cache variables. ##
## ---------------- ##

ac_cv_build=i386-apple-darwin13.3.0
ac_cv_c_bigendian=no
ac_cv_c_compiler_gnu=yes
ac_cv_c_int16_t=yes
ac_cv_c_int32_t=yes
ac_cv_c_int8_t=yes
ac_cv_c_uint16_t=yes
ac_cv_c_uint32_t=yes
ac_cv_c_uint8_t=yes
ac_cv_env_CC_set=
ac_cv_env_CC_value=
ac_cv_env_CFLAGS_set=
ac_cv_env_CFLAGS_value=
ac_cv_env_CPPFLAGS_set=
ac_cv_env_CPPFLAGS_value=
ac_cv_env_CPP_set=
ac_cv_env_CPP_value=
ac_cv_env_LDFLAGS_set=
ac_cv_env_LDFLAGS_value=
ac_cv_env_LIBS_set=
ac_cv_env_LIBS_value=
ac_cv_env_build_alias_set=
ac_cv_env_build_alias_value=
ac_cv_env_host_alias_set=
ac_cv_env_host_alias_value=
ac_cv_env_target_alias_set=
ac_cv_env_target_alias_value=
ac_cv_header_dlfcn_h=yes
ac_cv_header_inttypes_h=yes
ac_cv_header_memory_h=yes
ac_cv_header_stdc=yes
ac_cv_header_stdint_h=yes
ac_cv_header_stdlib_h=yes
ac_cv_header_string_h=yes
ac_cv_header_strings_h=yes
ac_cv_header_sys_stat_h=yes
ac_cv_header_sys_time_h=yes
ac_cv_header_sys_types_h=yes
ac_cv_header_time_h=yes
ac_cv_header_unistd_h=yes
ac_cv_host=i386-apple-darwin13.3.0
ac_cv_lib_bz2_BZ2_bzCompressInit=yes
ac_cv_lib_z_deflateInit_=yes
ac_cv_objext=o
ac_cv_path_EGREP='/usr/bin/grep -E'
ac_cv_path_FGREP='/usr/bin/grep -F'
ac_cv_path_GREP=/usr/bin/grep
ac_cv_path_SED=/usr/bin/sed
ac_cv_path_install='/usr/bin/install -c'
ac_cv_prog_AWK=gawk
ac_cv_prog_CPP='gcc -E'
ac_cv_prog_ac_ct_AR=ar
ac_cv_prog_ac_ct_CC=gcc
ac_cv_prog_ac_ct_DSYMUTIL=dsymutil
ac_cv_prog_ac_ct_LIPO=lipo
ac_cv_prog_ac_ct_NMEDIT=nmedit
ac_cv_prog_ac_ct_OTOOL=otool
ac_cv_prog_ac_ct_RANLIB=ranlib
ac_cv_prog_ac_ct_STRIP=strip
ac_cv_prog_cc_c89=
ac_cv_prog_cc_g=yes
ac_cv_prog_make_make_set=yes
ac_cv_sizeof_long=8
am_cv_CC_dependencies_compiler_type=gcc3
gl_cv_cc_visibility=yes
lt_cv_apple_cc_single_mod=yes
lt_cv_deplibs_check_method=pass_all
lt_cv_file_magic_cmd='$MAGIC_CMD'
lt_cv_file_magic_test_file=
lt_cv_ld_exported_symbols_list=yes
lt_cv_ld_reload_flag=-r
lt_cv_nm_interface='BSD nm'
lt_cv_objdir=.libs
lt_cv_path_LD=/Applications/Xcode.app/Contents/Developer/Toolchains/XcodeDefault.xctoolchain/usr/bin/ld
lt_cv_path_NM=/opt/local/bin/nm
lt_cv_prog_compiler_c_o=yes
lt_cv_prog_compiler_pic_works=yes
lt_cv_prog_compiler_rtti_exceptions=yes
lt_cv_prog_compiler_static_works=no
lt_cv_prog_gnu_ld=no
lt_cv_sys_global_symbol_pipe='sed -n -e '\''s/^.*[	 ]\([BCDEGRST][BCDEGRST]*\)[	 ][	 ]*_\([_A-Za-z][_A-Za-z0-9]*\)$/\1 _\2 \2/p'\'''
lt_cv_sys_global_symbol_to_c_name_address='sed -n -e '\''s/^: \([^ ]*\) $/  {\"\1\", (void *) 0},/p'\'' -e '\''s/^[BCDEGRST]* \([^ ]*\) \([^ ]*\)$/  {"\2", (void *) \&\2},/p'\'''
lt_cv_sys_global_symbol_to_c_name_address_lib_prefix='sed -n -e '\''s/^: \([^ ]*\) $/  {\"\1\", (void *) 0},/p'\'' -e '\''s/^[BCDEGRST]* \([^ ]*\) \(lib[^ ]*\)$/  {"\2", (void *) \&\2},/p'\'' -e '\''s/^[BCDEGRST]* \([^ ]*\) \([^ ]*\)$/  {"lib\2", (void *) \&\2},/p'\'''
lt_cv_sys_global_symbol_to_cdecl='sed -n -e '\''s/^T .* \(.*\)$/extern int \1();/p'\'' -e '\''s/^[BCDEGRST]* .* \(.*\)$/extern char \1;/p'\'''
lt_cv_sys_max_cmd_len=196608

## ----------------- ##
## Output variables. ##
## ----------------- ##

ACLOCAL='${SHELL} /Users/Matt/Desktop/Xenon/neriX/TDC/libxdio-0.3.2/missing --run aclocal-1.10'
AMDEPBACKSLASH='\'
AMDEP_FALSE='#'
AMDEP_TRUE=''
AMTAR='${SHELL} /Users/Matt/Desktop/Xenon/neriX/TDC/libxdio-0.3.2/missing --run tar'
AR='ar'
AUTOCONF='${SHELL} /Users/Matt/Desktop/Xenon/neriX/TDC/libxdio-0.3.2/missing --run autoconf'
AUTOHEADER='${SHELL} /Users/Matt/Desktop/Xenon/neriX/TDC/libxdio-0.3.2/missing --run autoheader'
AUTOMAKE='${SHELL} /Users/Matt/Desktop/Xenon/neriX/TDC/libxdio-0.3.2/missing --run automake-1.10'
AWK='gawk'
CC='gcc'
CCDEPMODE='depmode=gcc3'
CFLAGS='-g -O2'
CFLAG_VISIBILITY='-fvisibility=hidden'
CPP='gcc -E'
CPPFLAGS=''
CYGPATH_W='echo'
DEFS='-DHAVE_CONFIG_H'
DEPDIR='.deps'
DSYMUTIL='dsymutil'
DUMPBIN=''
ECHO_C='\c'
ECHO_N=''
ECHO_T=''
EGREP='/usr/bin/grep -E'
EXEEXT=''
FGREP='/usr/bin/grep -F'
GREP='/usr/bin/grep'
HAVE_VISIBILITY='1'
INSTALL_DATA='${INSTALL} -m 644'
INSTALL_PROGRAM='${INSTALL}'
INSTALL_SCRIPT='${INSTALL}'
INSTALL_STRIP_PROGRAM='$(install_sh) -c -s'
LD='/Applications/Xcode.app/Contents/Developer/Toolchains/XcodeDefault.xctoolchain/usr/bin/ld'
LDFLAGS=''
LIBOBJS=''
LIBS='-lbz2 -lz '
LIBTOOL='$(SHELL) $(top_builddir)/libtool'
LIPO='lipo'
LN_S='ln -s'
LTLIBOBJS=''
MAKEINFO='${SHELL} /Users/Matt/Desktop/Xenon/neriX/TDC/libxdio-0.3.2/missing --run makeinfo'
MKDIR_P='./install-sh -c -d'
NM='/opt/local/bin/nm'
NMEDIT='nmedit'
OBJDUMP='false'
OBJEXT='o'
OTOOL64=':'
OTOOL='otool'
PACKAGE='libxdio'
PACKAGE_BUGREPORT='guillaume.plante@astro.columbia.edu'
PACKAGE_NAME='libxdio'
PACKAGE_STRING='libxdio 0.3.2'
PACKAGE_TARNAME='libxdio'
PACKAGE_VERSION='0.3.2'
PATH_SEPARATOR=':'
RANLIB='ranlib'
SED='/usr/bin/sed'
SET_MAKE=''
SHELL='/bin/sh'
STRIP='strip'
VERSION='0.3.2'
ac_ct_CC='gcc'
ac_ct_DUMPBIN=''
am__fastdepCC_FALSE='#'
am__fastdepCC_TRUE=''
am__include='include'
am__isrc=''
am__leading_dot='.'
am__quote=''
am__tar='${AMTAR} chof - "$$tardir"'
am__untar='${AMTAR} xf -'
bindir='${exec_prefix}/bin'
build='i386-apple-darwin13.3.0'
build_alias=''
build_cpu='i386'
build_os='darwin13.3.0'
build_vendor='apple'
datadir='${datarootdir}'
datarootdir='${prefix}/share'
docdir='${datarootdir}/doc/${PACKAGE_TARNAME}'
dvidir='${docdir}'
exec_prefix='${prefix}'
host='i386-apple-darwin13.3.0'
host_alias=''
host_cpu='i386'
host_os='darwin13.3.0'
host_vendor='apple'
htmldir='${docdir}'
includedir='${prefix}/include'
infodir='${datarootdir}/info'
install_sh='$(SHELL) /Users/Matt/Desktop/Xenon/neriX/TDC/libxdio-0.3.2/install-sh'
libdir='${exec_prefix}/lib'
libexecdir='${exec_prefix}/libexec'
localedir='${datarootdir}/locale'
localstatedir='${prefix}/var'
lt_ECHO='/bin/echo'
mandir='${datarootdir}/man'
mkdir_p='$(top_builddir)/./install-sh -c -d'
oldincludedir='/usr/include'
pdfdir='${docdir}'
prefix='/usr/local'
program_transform_name='s,x,x,'
psdir='${docdir}'
sbindir='${exec_prefix}/sbin'
sharedstatedir='${prefix}/com'
sysconfdir='${prefix}/etc'
target_alias=''

## ----------- ##
## confdefs.h. ##
## ----------- ##

#define PACKAGE_NAME "libxdio"
#define PACKAGE_TARNAME "libxdio"
#define PACKAGE_VERSION "0.3.2"
#define PACKAGE_STRING "libxdio 0.3.2"
#define PACKAGE_BUGREPORT "guillaume.plante@astro.columbia.edu"
#define PACKAGE "libxdio"
#define VERSION "0.3.2"
#define STDC_HEADERS 1
#define HAVE_SYS_TYPES_H 1
#define HAVE_SYS_STAT_H 1
#define HAVE_STDLIB_H 1
#define HAVE_STRING_H 1
#define HAVE_MEMORY_H 1
#define HAVE_STRINGS_H 1
#define HAVE_INTTYPES_H 1
#define HAVE_STDINT_H 1
#define HAVE_UNISTD_H 1
#define HAVE_DLFCN_H 1
#define LT_OBJDIR ".libs/"
#define HAVE_LIBZ 1
#define HAVE_LIBBZ2 1
#define STDC_HEADERS 1
#define HAVE_TIME_H 1
#define HAVE_SYS_TIME_H 1
#define SIZEOF_LONG 8
#define HAVE_VISIBILITY 1

configure: exit 0
